<?xml version="1.0" encoding="UTF-8"?>
<!-- Generated by org.testng.reporters.JUnitReportReporter -->
<testsuite hostname="DESKTOP-7HDEA50" failures="0" tests="1" name="com.payment.test.PaymentTest" time="2.433" errors="0" timestamp="2025-09-18T17:56:35 IST" skipped="0">
  <testcase classname="com.payment.test.PaymentTest" name="paymentTest" time="2.433"/>
</testsuite> <!-- com.payment.test.PaymentTest -->
